Using pre-set license
Built from '2021.3/staging' branch; Version is '2021.3.7f1 (24e8595d6d43) revision 2418777'; Using compiler version '192829333'; Build Type 'Release'
OS: 'Windows 10  (10.0.19044) 64bit Professional' Language: 'tr' Physical Memory: 16277 MB
BatchMode: 1, IsHumanControllingUs: 0, StartBugReporterOnCrash: 0, Is64bit: 1, IsPro: 1

COMMAND LINE ARGUMENTS:
C:\Program Files\Unity\Hub\Editor\2021.3.7f1\Editor\Unity.exe
-adb2
-batchMode
-noUpm
-name
AssetImportWorker8
-projectPath
C:/Users/PC/Documents/GitHub/ShootMaster/ShootMaster
-logFile
Logs/AssetImportWorker8.log
-srvPort
60358
Successfully changed project path to: C:/Users/PC/Documents/GitHub/ShootMaster/ShootMaster
C:/Users/PC/Documents/GitHub/ShootMaster/ShootMaster
[UnityMemory] Configuration Parameters - Can be set up in boot.config
    "memorysetup-bucket-allocator-granularity=16"
    "memorysetup-bucket-allocator-bucket-count=8"
    "memorysetup-bucket-allocator-block-size=33554432"
    "memorysetup-bucket-allocator-block-count=8"
    "memorysetup-main-allocator-block-size=16777216"
    "memorysetup-thread-allocator-block-size=16777216"
    "memorysetup-gfx-main-allocator-block-size=16777216"
    "memorysetup-gfx-thread-allocator-block-size=16777216"
    "memorysetup-cache-allocator-block-size=4194304"
    "memorysetup-typetree-allocator-block-size=2097152"
    "memorysetup-profiler-bucket-allocator-granularity=16"
    "memorysetup-profiler-bucket-allocator-bucket-count=8"
    "memorysetup-profiler-bucket-allocator-block-size=33554432"
    "memorysetup-profiler-bucket-allocator-block-count=8"
    "memorysetup-profiler-allocator-block-size=16777216"
    "memorysetup-profiler-editor-allocator-block-size=1048576"
    "memorysetup-temp-allocator-size-main=16777216"
    "memorysetup-job-temp-allocator-block-size=2097152"
    "memorysetup-job-temp-allocator-block-size-background=1048576"
    "memorysetup-job-temp-allocator-reduction-small-platforms=262144"
    "memorysetup-temp-allocator-size-background-worker=32768"
    "memorysetup-temp-allocator-size-job-worker=262144"
    "memorysetup-temp-allocator-size-preload-manager=33554432"
    "memorysetup-temp-allocator-size-nav-mesh-worker=65536"
    "memorysetup-temp-allocator-size-audio-worker=65536"
    "memorysetup-temp-allocator-size-cloud-worker=32768"
    "memorysetup-temp-allocator-size-gi-baking-worker=262144"
    "memorysetup-temp-allocator-size-gfx=262144"
Refreshing native plugins compatible for Editor in 136.98 ms, found 3 plugins.
Preloading 0 native plugins for Editor in 0.00 ms.
Initialize engine version: 2021.3.7f1 (24e8595d6d43)
[Subsystems] Discovering subsystems at path C:/Program Files/Unity/Hub/Editor/2021.3.7f1/Editor/Data/Resources/UnitySubsystems
[Subsystems] Discovering subsystems at path C:/Users/PC/Documents/GitHub/ShootMaster/ShootMaster/Assets
GfxDevice: creating device client; threaded=0; jobified=0
Direct3D:
    Version:  Direct3D 11.0 [level 11.1]
    Renderer: NVIDIA GeForce RTX 3060 (ID=0x2504)
    Vendor:   NVIDIA
    VRAM:     12142 MB
    Driver:   31.0.15.1694
Initialize mono
Mono path[0] = 'C:/Program Files/Unity/Hub/Editor/2021.3.7f1/Editor/Data/Managed'
Mono path[1] = 'C:/Program Files/Unity/Hub/Editor/2021.3.7f1/Editor/Data/MonoBleedingEdge/lib/mono/unityjit-win32'
Mono config path = 'C:/Program Files/Unity/Hub/Editor/2021.3.7f1/Editor/Data/MonoBleedingEdge/etc'
Using monoOptions --debugger-agent=transport=dt_socket,embedding=1,server=y,suspend=n,address=127.0.0.1:56516
Begin MonoManager ReloadAssembly
Registering precompiled unity dll's ...
Register platform support module: C:/Program Files/Unity/Hub/Editor/2021.3.7f1/Editor/Data/PlaybackEngines/AndroidPlayer/UnityEditor.Android.Extensions.dll
Register platform support module: C:/Program Files/Unity/Hub/Editor/2021.3.7f1/Editor/Data/PlaybackEngines/iOSSupport/UnityEditor.iOS.Extensions.dll
Register platform support module: C:/Program Files/Unity/Hub/Editor/2021.3.7f1/Editor/Data/PlaybackEngines/WindowsStandaloneSupport/UnityEditor.WindowsStandalone.Extensions.dll
Registered in 0.009016 seconds.
Native extension for WindowsStandalone target not found
[usbmuxd] Start listen thread
[usbmuxd] Listen thread started
Native extension for iOS target not found
Native extension for Android target not found
Refreshing native plugins compatible for Editor in 135.45 ms, found 3 plugins.
Preloading 0 native plugins for Editor in 0.00 ms.
Mono: successfully reloaded assembly
- Completed reload, in  0.642 seconds
Domain Reload Profiling:
	ReloadAssembly (643ms)
		BeginReloadAssembly (69ms)
			ExecutionOrderSort (0ms)
			DisableScriptedObjects (0ms)
			BackupInstance (0ms)
			ReleaseScriptingObjects (0ms)
			CreateAndSetChildDomain (1ms)
		EndReloadAssembly (473ms)
			LoadAssemblies (66ms)
			RebuildTransferFunctionScriptingTraits (0ms)
			SetupTypeCache (83ms)
			ReleaseScriptCaches (0ms)
			RebuildScriptCaches (19ms)
			SetupLoadedEditorAssemblies (323ms)
				LogAssemblyErrors (0ms)
				InitializePlatformSupportModulesInManaged (73ms)
				SetLoadedEditorAssemblies (0ms)
				RefreshPlugins (136ms)
				BeforeProcessingInitializeOnLoad (1ms)
				ProcessInitializeOnLoadAttributes (74ms)
				ProcessInitializeOnLoadMethodAttributes (39ms)
				AfterProcessingInitializeOnLoad (0ms)
				EditorAssembliesLoaded (0ms)
			ExecutionOrderSort2 (0ms)
			AwakeInstancesAfterBackupRestoration (0ms)
Platform modules already initialized, skipping
Registering precompiled user dll's ...
Registered in 0.014312 seconds.
Begin MonoManager ReloadAssembly
Symbol file LoadedFromMemory doesn't match image C:\Users\PC\Documents\GitHub\ShootMaster\ShootMaster\Library\PackageCache\com.unity.visualscripting@1.7.8\Editor\VisualScripting.Core\Dependencies\YamlDotNet\Unity.VisualScripting.YamlDotNet.dll
Symbol file LoadedFromMemory doesn't match image C:\Users\PC\Documents\GitHub\ShootMaster\ShootMaster\Library\PackageCache\com.unity.visualscripting@1.7.8\Editor\VisualScripting.Core\Dependencies\DotNetZip\Unity.VisualScripting.IonicZip.dll
Native extension for WindowsStandalone target not found
Native extension for iOS target not found
Native extension for Android target not found
Refreshing native plugins compatible for Editor in 97.34 ms, found 3 plugins.
Preloading 0 native plugins for Editor in 0.00 ms.
Mono: successfully reloaded assembly
- Completed reload, in  1.726 seconds
Domain Reload Profiling:
	ReloadAssembly (1727ms)
		BeginReloadAssembly (447ms)
			ExecutionOrderSort (0ms)
			DisableScriptedObjects (5ms)
			BackupInstance (0ms)
			ReleaseScriptingObjects (0ms)
			CreateAndSetChildDomain (351ms)
		EndReloadAssembly (1056ms)
			LoadAssemblies (188ms)
			RebuildTransferFunctionScriptingTraits (0ms)
			SetupTypeCache (218ms)
			ReleaseScriptCaches (1ms)
			RebuildScriptCaches (47ms)
			SetupLoadedEditorAssemblies (509ms)
				LogAssemblyErrors (0ms)
				InitializePlatformSupportModulesInManaged (20ms)
				SetLoadedEditorAssemblies (0ms)
				RefreshPlugins (97ms)
				BeforeProcessingInitializeOnLoad (94ms)
				ProcessInitializeOnLoadAttributes (220ms)
				ProcessInitializeOnLoadMethodAttributes (67ms)
				AfterProcessingInitializeOnLoad (11ms)
				EditorAssembliesLoaded (0ms)
			ExecutionOrderSort2 (0ms)
			AwakeInstancesAfterBackupRestoration (9ms)
Platform modules already initialized, skipping
========================================================================
Worker process is ready to serve import requests
Launched and connected shader compiler UnityShaderCompiler.exe after 0.03 seconds
Refreshing native plugins compatible for Editor in 1.18 ms, found 3 plugins.
Preloading 0 native plugins for Editor in 0.00 ms.
Unloading 5070 Unused Serialized files (Serialized files now loaded: 0)
Unloading 35 unused Assets / (0.7 MB). Loaded Objects now: 5531.
Memory consumption went from 202.6 MB to 201.9 MB.
Total: 3.607500 ms (FindLiveObjects: 0.327100 ms CreateObjectMapping: 0.296700 ms MarkObjects: 2.680800 ms  DeleteObjects: 0.302100 ms)

AssetImportParameters requested are different than current active one (requested -> active):
  custom:video-decoder-ogg-theora: a1e56fd34408186e4bbccfd4996cb3dc -> 
  custom:container-muxer-webm: aa71ff27fc2769a1b78a27578f13a17b -> 
  custom:container-demuxer-webm: 4f35f7cbe854078d1ac9338744f61a02 -> 
  custom:video-encoder-webm-vp8: eb34c28f22e8b96e1ab97ce403110664 -> 
  custom:audio-encoder-webm-vorbis: bf7c407c2cedff20999df2af8eb42d56 -> 
  custom:framework-win-MediaFoundation: 216162199b28c13a410421893ffa2e32 -> 
  custom:container-demuxer-ogg: 62fdf1f143b41e24485cea50d1cbac27 -> 
  custom:video-decoder-webm-vp8: 9c59270c3fd7afecdb556c50c9e8de78 -> 
  custom:audio-decoder-ogg-vorbis: bf7c407c2cedff20999df2af8eb42d56 -> 
========================================================================
Received Import Request.
  Time since last request: 166014.626504 seconds.
  path: Assets/Game/Sprites/GUI Mobile Hyper-Casual (1)/GUI Mobile Hyper-Casual/Sprites/Background/Background 2.png
  artifactKey: Guid(80ca872f56e1d374a8d320061f652e8e) Importer(815301076,1909f56bfc062723c751e8b465ee728b)
Start importing Assets/Game/Sprites/GUI Mobile Hyper-Casual (1)/GUI Mobile Hyper-Casual/Sprites/Background/Background 2.png using Guid(80ca872f56e1d374a8d320061f652e8e) Importer(815301076,1909f56bfc062723c751e8b465ee728b)  -> (artifact id: '593f32c486f2c4bb1b34a6604988ff1a') in 0.228231 seconds 
========================================================================
Received Import Request.
  Time since last request: 0.000035 seconds.
  path: Assets/Game/Sprites/GUI Mobile Hyper-Casual (1)/GUI Mobile Hyper-Casual/Sprites/Background/Background 3.png
  artifactKey: Guid(3971118ed82aa1e47baefcf582847ad5) Importer(815301076,1909f56bfc062723c751e8b465ee728b)
Start importing Assets/Game/Sprites/GUI Mobile Hyper-Casual (1)/GUI Mobile Hyper-Casual/Sprites/Background/Background 3.png using Guid(3971118ed82aa1e47baefcf582847ad5) Importer(815301076,1909f56bfc062723c751e8b465ee728b)  -> (artifact id: '6184167358092942dfe72ba5148f60d0') in 0.131172 seconds 
========================================================================
Received Import Request.
  Time since last request: 1.950034 seconds.
  path: Assets/Game/Sprites/GUI Mobile Hyper-Casual (1)/GUI Mobile Hyper-Casual/Sprites/Additional White Icons/ArrowLeft.png
  artifactKey: Guid(5af9190917698af4db43c30e0a01617e) Importer(815301076,1909f56bfc062723c751e8b465ee728b)
Start importing Assets/Game/Sprites/GUI Mobile Hyper-Casual (1)/GUI Mobile Hyper-Casual/Sprites/Additional White Icons/ArrowLeft.png using Guid(5af9190917698af4db43c30e0a01617e) Importer(815301076,1909f56bfc062723c751e8b465ee728b)  -> (artifact id: 'eb9561a02af192e7115f1d20e7be7f65') in 0.026311 seconds 
========================================================================
Received Import Request.
  Time since last request: 0.833835 seconds.
  path: Assets/Game/Sprites/GUI Mobile Hyper-Casual (1)/GUI Mobile Hyper-Casual/Sprites/Additional White Icons/ArrowSimpleRight.png
  artifactKey: Guid(cb114c1a615a3c8499d166b69a8a795f) Importer(815301076,1909f56bfc062723c751e8b465ee728b)
Start importing Assets/Game/Sprites/GUI Mobile Hyper-Casual (1)/GUI Mobile Hyper-Casual/Sprites/Additional White Icons/ArrowSimpleRight.png using Guid(cb114c1a615a3c8499d166b69a8a795f) Importer(815301076,1909f56bfc062723c751e8b465ee728b)  -> (artifact id: 'd61ba4a1b444949c8861a68afa4e1afc') in 0.017934 seconds 
========================================================================
Received Import Request.
  Time since last request: 0.000028 seconds.
  path: Assets/Game/Sprites/GUI Mobile Hyper-Casual (1)/GUI Mobile Hyper-Casual/Sprites/Additional White Icons/ArrowTop.png
  artifactKey: Guid(a2f93ca782289dd4ea8b43544a2dd720) Importer(815301076,1909f56bfc062723c751e8b465ee728b)
Start importing Assets/Game/Sprites/GUI Mobile Hyper-Casual (1)/GUI Mobile Hyper-Casual/Sprites/Additional White Icons/ArrowTop.png using Guid(a2f93ca782289dd4ea8b43544a2dd720) Importer(815301076,1909f56bfc062723c751e8b465ee728b)  -> (artifact id: '66a5c9074177b08d14b8ef2ee4e1d4d6') in 0.021323 seconds 
========================================================================
Received Import Request.
  Time since last request: 0.000031 seconds.
  path: Assets/Game/Sprites/GUI Mobile Hyper-Casual (1)/GUI Mobile Hyper-Casual/Sprites/Additional White Icons/Help.png
  artifactKey: Guid(e51d51d71c72e82418a15078d9218279) Importer(815301076,1909f56bfc062723c751e8b465ee728b)
Start importing Assets/Game/Sprites/GUI Mobile Hyper-Casual (1)/GUI Mobile Hyper-Casual/Sprites/Additional White Icons/Help.png using Guid(e51d51d71c72e82418a15078d9218279) Importer(815301076,1909f56bfc062723c751e8b465ee728b)  -> (artifact id: '930d7bb8f6d738e413629f34a91ce39f') in 0.017438 seconds 
========================================================================
Received Import Request.
  Time since last request: 0.000041 seconds.
  path: Assets/Game/Sprites/GUI Mobile Hyper-Casual (1)/GUI Mobile Hyper-Casual/Sprites/Additional White Icons/MagnifyingGlass.png
  artifactKey: Guid(5d165335eb37020488b585bcc9865421) Importer(815301076,1909f56bfc062723c751e8b465ee728b)
Start importing Assets/Game/Sprites/GUI Mobile Hyper-Casual (1)/GUI Mobile Hyper-Casual/Sprites/Additional White Icons/MagnifyingGlass.png using Guid(5d165335eb37020488b585bcc9865421) Importer(815301076,1909f56bfc062723c751e8b465ee728b)  -> (artifact id: '327ff569790bb869bfada6d792cbb6c3') in 0.027998 seconds 
========================================================================
Received Import Request.
  Time since last request: 0.000024 seconds.
  path: Assets/Game/Sprites/GUI Mobile Hyper-Casual (1)/GUI Mobile Hyper-Casual/Sprites/Additional White Icons/Next.png
  artifactKey: Guid(f3e824ec048eb7a4ea2c6e8ecfb8c5ac) Importer(815301076,1909f56bfc062723c751e8b465ee728b)
Start importing Assets/Game/Sprites/GUI Mobile Hyper-Casual (1)/GUI Mobile Hyper-Casual/Sprites/Additional White Icons/Next.png using Guid(f3e824ec048eb7a4ea2c6e8ecfb8c5ac) Importer(815301076,1909f56bfc062723c751e8b465ee728b)  -> (artifact id: '8033d7f0c93683018f32ef52a7d78324') in 0.014654 seconds 
========================================================================
Received Import Request.
  Time since last request: 0.000021 seconds.
  path: Assets/Game/Sprites/GUI Mobile Hyper-Casual (1)/GUI Mobile Hyper-Casual/Sprites/Additional White Icons/Mail.png
  artifactKey: Guid(4185c8890e883424b8409a55824fe54f) Importer(815301076,1909f56bfc062723c751e8b465ee728b)
Start importing Assets/Game/Sprites/GUI Mobile Hyper-Casual (1)/GUI Mobile Hyper-Casual/Sprites/Additional White Icons/Mail.png using Guid(4185c8890e883424b8409a55824fe54f) Importer(815301076,1909f56bfc062723c751e8b465ee728b)  -> (artifact id: '687e31f6a3060000c8abdcd38795643b') in 0.019320 seconds 
========================================================================
Received Import Request.
  Time since last request: 0.000023 seconds.
  path: Assets/Game/Sprites/GUI Mobile Hyper-Casual (1)/GUI Mobile Hyper-Casual/Sprites/Additional White Icons/CloseRound.png
  artifactKey: Guid(6aa6dc95e51745a4a93acfb11a81131d) Importer(815301076,1909f56bfc062723c751e8b465ee728b)
Start importing Assets/Game/Sprites/GUI Mobile Hyper-Casual (1)/GUI Mobile Hyper-Casual/Sprites/Additional White Icons/CloseRound.png using Guid(6aa6dc95e51745a4a93acfb11a81131d) Importer(815301076,1909f56bfc062723c751e8b465ee728b)  -> (artifact id: '991ff705b5669e435142d0759f64c832') in 0.014572 seconds 
========================================================================
Received Import Request.
  Time since last request: 0.000025 seconds.
  path: Assets/Game/Sprites/GUI Mobile Hyper-Casual (1)/GUI Mobile Hyper-Casual/Sprites/Additional White Icons/Lock.png
  artifactKey: Guid(dab9fb85824f5cc41a26f93c45dff36d) Importer(815301076,1909f56bfc062723c751e8b465ee728b)
Start importing Assets/Game/Sprites/GUI Mobile Hyper-Casual (1)/GUI Mobile Hyper-Casual/Sprites/Additional White Icons/Lock.png using Guid(dab9fb85824f5cc41a26f93c45dff36d) Importer(815301076,1909f56bfc062723c751e8b465ee728b)  -> (artifact id: '46ced4ae013dd4176d8984498dc0d49e') in 0.015696 seconds 
========================================================================
Received Import Request.
  Time since last request: 0.000029 seconds.
  path: Assets/Game/Sprites/GUI Mobile Hyper-Casual (1)/GUI Mobile Hyper-Casual/Sprites/Additional White Icons/Stop.png
  artifactKey: Guid(17220b77849d6d847a823a94227965b1) Importer(815301076,1909f56bfc062723c751e8b465ee728b)
Start importing Assets/Game/Sprites/GUI Mobile Hyper-Casual (1)/GUI Mobile Hyper-Casual/Sprites/Additional White Icons/Stop.png using Guid(17220b77849d6d847a823a94227965b1) Importer(815301076,1909f56bfc062723c751e8b465ee728b)  -> (artifact id: 'e4830ffbf1f1b8dab48b2ce8f7a31cc4') in 0.019903 seconds 
========================================================================
Received Import Request.
  Time since last request: 0.000034 seconds.
  path: Assets/Game/Sprites/GUI Mobile Hyper-Casual (1)/GUI Mobile Hyper-Casual/Sprites/Additional White Icons/Clothes.png
  artifactKey: Guid(db8279b88f348b440a77ab278c41e1c7) Importer(815301076,1909f56bfc062723c751e8b465ee728b)
Start importing Assets/Game/Sprites/GUI Mobile Hyper-Casual (1)/GUI Mobile Hyper-Casual/Sprites/Additional White Icons/Clothes.png using Guid(db8279b88f348b440a77ab278c41e1c7) Importer(815301076,1909f56bfc062723c751e8b465ee728b)  -> (artifact id: '673d3f56abef1e6cd4cc59f395bcb64a') in 0.031456 seconds 
========================================================================
Received Import Request.
  Time since last request: 0.000031 seconds.
  path: Assets/Game/Sprites/GUI Mobile Hyper-Casual (1)/GUI Mobile Hyper-Casual/Sprites/Additional White Icons/Level.png
  artifactKey: Guid(afb809b193378db4f9e60f54eadb3ce5) Importer(815301076,1909f56bfc062723c751e8b465ee728b)
Start importing Assets/Game/Sprites/GUI Mobile Hyper-Casual (1)/GUI Mobile Hyper-Casual/Sprites/Additional White Icons/Level.png using Guid(afb809b193378db4f9e60f54eadb3ce5) Importer(815301076,1909f56bfc062723c751e8b465ee728b)  -> (artifact id: 'e0e7fabb8d4aca992bb52bbbcb430f5d') in 0.023554 seconds 
========================================================================
Received Import Request.
  Time since last request: 0.000038 seconds.
  path: Assets/Game/Sprites/GUI Mobile Hyper-Casual (1)/GUI Mobile Hyper-Casual/Sprites/Additional White Icons/Facebook.png
  artifactKey: Guid(7d9387bc0cbab0740a1af0632fd1deb9) Importer(815301076,1909f56bfc062723c751e8b465ee728b)
Start importing Assets/Game/Sprites/GUI Mobile Hyper-Casual (1)/GUI Mobile Hyper-Casual/Sprites/Additional White Icons/Facebook.png using Guid(7d9387bc0cbab0740a1af0632fd1deb9) Importer(815301076,1909f56bfc062723c751e8b465ee728b)  -> (artifact id: 'ff06b6839a97b01eb44e1ff1ca944521') in 0.022024 seconds 
========================================================================
Received Import Request.
  Time since last request: 0.000037 seconds.
  path: Assets/Game/Sprites/GUI Mobile Hyper-Casual (1)/GUI Mobile Hyper-Casual/Sprites/Additional White Icons/Settings.png
  artifactKey: Guid(d8ae3c17487fd034e8b7b6f782d98260) Importer(815301076,1909f56bfc062723c751e8b465ee728b)
Start importing Assets/Game/Sprites/GUI Mobile Hyper-Casual (1)/GUI Mobile Hyper-Casual/Sprites/Additional White Icons/Settings.png using Guid(d8ae3c17487fd034e8b7b6f782d98260) Importer(815301076,1909f56bfc062723c751e8b465ee728b)  -> (artifact id: '9f7b794d51aa73f57d5b919a89e82ca5') in 0.018034 seconds 
========================================================================
Received Import Request.
  Time since last request: 0.000025 seconds.
  path: Assets/Game/Sprites/GUI Mobile Hyper-Casual (1)/GUI Mobile Hyper-Casual/Sprites/Additional White Icons/Close.png
  artifactKey: Guid(e11715128d8841f44ada11358f085748) Importer(815301076,1909f56bfc062723c751e8b465ee728b)
Start importing Assets/Game/Sprites/GUI Mobile Hyper-Casual (1)/GUI Mobile Hyper-Casual/Sprites/Additional White Icons/Close.png using Guid(e11715128d8841f44ada11358f085748) Importer(815301076,1909f56bfc062723c751e8b465ee728b)  -> (artifact id: 'a8da7060fe94272663069f98a2ef10a0') in 0.017746 seconds 
========================================================================
Received Import Request.
  Time since last request: 0.000028 seconds.
  path: Assets/Game/Sprites/GUI Mobile Hyper-Casual (1)/GUI Mobile Hyper-Casual/Sprites/Additional White Icons/Home.png
  artifactKey: Guid(f26ad18237634854fb76794396f3535c) Importer(815301076,1909f56bfc062723c751e8b465ee728b)
Start importing Assets/Game/Sprites/GUI Mobile Hyper-Casual (1)/GUI Mobile Hyper-Casual/Sprites/Additional White Icons/Home.png using Guid(f26ad18237634854fb76794396f3535c) Importer(815301076,1909f56bfc062723c751e8b465ee728b)  -> (artifact id: '7fa49c29aab3a4a1096010e84c2fe475') in 0.027608 seconds 
========================================================================
Received Import Request.
  Time since last request: 0.000029 seconds.
  path: Assets/Game/Sprites/GUI Mobile Hyper-Casual (1)/GUI Mobile Hyper-Casual/Sprites/Additional White Icons/More.png
  artifactKey: Guid(1f08901116a91aa498b8f5c9cd8ddb14) Importer(815301076,1909f56bfc062723c751e8b465ee728b)
Start importing Assets/Game/Sprites/GUI Mobile Hyper-Casual (1)/GUI Mobile Hyper-Casual/Sprites/Additional White Icons/More.png using Guid(1f08901116a91aa498b8f5c9cd8ddb14) Importer(815301076,1909f56bfc062723c751e8b465ee728b)  -> (artifact id: 'ec73be64c1c6d112e223ae6c27c14a03') in 0.018315 seconds 
========================================================================
Received Import Request.
  Time since last request: 0.000031 seconds.
  path: Assets/Game/Sprites/GUI Mobile Hyper-Casual (1)/GUI Mobile Hyper-Casual/Sprites/Additional White Icons/Tick.png
  artifactKey: Guid(9fd6b4b648ee2b949b04bb1d35496d63) Importer(815301076,1909f56bfc062723c751e8b465ee728b)
Start importing Assets/Game/Sprites/GUI Mobile Hyper-Casual (1)/GUI Mobile Hyper-Casual/Sprites/Additional White Icons/Tick.png using Guid(9fd6b4b648ee2b949b04bb1d35496d63) Importer(815301076,1909f56bfc062723c751e8b465ee728b)  -> (artifact id: 'e070461bcd6200bd6aa45e64119bafa9') in 0.016214 seconds 
========================================================================
Received Import Request.
  Time since last request: 15.785496 seconds.
  path: Assets/Game/Sprites/GUI Mobile Hyper-Casual (1)/GUI Mobile Hyper-Casual/Sprites/Emojis PNG/PNG/Set Emojis-assets/2.png
  artifactKey: Guid(e5d7a52377356dd41b31a97832b814db) Importer(815301076,1909f56bfc062723c751e8b465ee728b)
Start importing Assets/Game/Sprites/GUI Mobile Hyper-Casual (1)/GUI Mobile Hyper-Casual/Sprites/Emojis PNG/PNG/Set Emojis-assets/2.png using Guid(e5d7a52377356dd41b31a97832b814db) Importer(815301076,1909f56bfc062723c751e8b465ee728b)  -> (artifact id: '0c6bfe8a939714984d6c364f4b14264a') in 0.057685 seconds 
========================================================================
Received Import Request.
  Time since last request: 0.000023 seconds.
  path: Assets/Game/Sprites/GUI Mobile Hyper-Casual (1)/GUI Mobile Hyper-Casual/Sprites/Emojis PNG/PNG/Set Emojis-assets/10.png
  artifactKey: Guid(8c272547439a4d7418b6dc2c51eb352d) Importer(815301076,1909f56bfc062723c751e8b465ee728b)
Start importing Assets/Game/Sprites/GUI Mobile Hyper-Casual (1)/GUI Mobile Hyper-Casual/Sprites/Emojis PNG/PNG/Set Emojis-assets/10.png using Guid(8c272547439a4d7418b6dc2c51eb352d) Importer(815301076,1909f56bfc062723c751e8b465ee728b)  -> (artifact id: '7e55224d98e3416de6df1c53d3b77ffb') in 0.044094 seconds 
========================================================================
Received Import Request.
  Time since last request: 0.000031 seconds.
  path: Assets/Game/Sprites/GUI Mobile Hyper-Casual (1)/GUI Mobile Hyper-Casual/Sprites/Emojis PNG/PNG/Set Emojis-assets/15.png
  artifactKey: Guid(4992c544364625746a20a5af651eec7b) Importer(815301076,1909f56bfc062723c751e8b465ee728b)
Start importing Assets/Game/Sprites/GUI Mobile Hyper-Casual (1)/GUI Mobile Hyper-Casual/Sprites/Emojis PNG/PNG/Set Emojis-assets/15.png using Guid(4992c544364625746a20a5af651eec7b) Importer(815301076,1909f56bfc062723c751e8b465ee728b)  -> (artifact id: '5c453a8a6a3bf0a270628fcb4cbce884') in 0.030999 seconds 
========================================================================
Received Import Request.
  Time since last request: 0.000035 seconds.
  path: Assets/Game/Sprites/GUI Mobile Hyper-Casual (1)/GUI Mobile Hyper-Casual/Sprites/Emojis PNG/PNG/Set Emojis-assets/28.png
  artifactKey: Guid(ce6dc0dc87f039344ae273debbe85e0b) Importer(815301076,1909f56bfc062723c751e8b465ee728b)
Start importing Assets/Game/Sprites/GUI Mobile Hyper-Casual (1)/GUI Mobile Hyper-Casual/Sprites/Emojis PNG/PNG/Set Emojis-assets/28.png using Guid(ce6dc0dc87f039344ae273debbe85e0b) Importer(815301076,1909f56bfc062723c751e8b465ee728b)  -> (artifact id: '4924d9152f26b2bd54bf7deffb6d4ce7') in 0.033279 seconds 
========================================================================
Received Import Request.
  Time since last request: 0.000038 seconds.
  path: Assets/Game/Sprites/GUI Mobile Hyper-Casual (1)/GUI Mobile Hyper-Casual/Sprites/Emojis PNG/PNG/Set Emojis-assets/22.png
  artifactKey: Guid(9815a49fde31ce447b9fcfbb768759c5) Importer(815301076,1909f56bfc062723c751e8b465ee728b)
Start importing Assets/Game/Sprites/GUI Mobile Hyper-Casual (1)/GUI Mobile Hyper-Casual/Sprites/Emojis PNG/PNG/Set Emojis-assets/22.png using Guid(9815a49fde31ce447b9fcfbb768759c5) Importer(815301076,1909f56bfc062723c751e8b465ee728b)  -> (artifact id: '1b41eda081a380aa6d235128a906f686') in 0.032968 seconds 
========================================================================
Received Import Request.
  Time since last request: 0.000036 seconds.
  path: Assets/Game/Sprites/GUI Mobile Hyper-Casual (1)/GUI Mobile Hyper-Casual/Sprites/Emojis PNG/PNG/Set Emojis-assets/20.png
  artifactKey: Guid(f2c11389488cdc64f9acc5ac8ee0cda4) Importer(815301076,1909f56bfc062723c751e8b465ee728b)
Start importing Assets/Game/Sprites/GUI Mobile Hyper-Casual (1)/GUI Mobile Hyper-Casual/Sprites/Emojis PNG/PNG/Set Emojis-assets/20.png using Guid(f2c11389488cdc64f9acc5ac8ee0cda4) Importer(815301076,1909f56bfc062723c751e8b465ee728b)  -> (artifact id: 'ead59da4e1bfe6580130f840f664bfdf') in 0.035538 seconds 
========================================================================
Received Import Request.
  Time since last request: 0.000031 seconds.
  path: Assets/Game/Sprites/GUI Mobile Hyper-Casual (1)/GUI Mobile Hyper-Casual/Sprites/Emojis PNG/PNG/Set Emojis-assets/16.png
  artifactKey: Guid(67b5c520997d48e4ea4b7efdebbb57e7) Importer(815301076,1909f56bfc062723c751e8b465ee728b)
Start importing Assets/Game/Sprites/GUI Mobile Hyper-Casual (1)/GUI Mobile Hyper-Casual/Sprites/Emojis PNG/PNG/Set Emojis-assets/16.png using Guid(67b5c520997d48e4ea4b7efdebbb57e7) Importer(815301076,1909f56bfc062723c751e8b465ee728b)  -> (artifact id: 'b513ef3ee58e7b1fb4776320e76d1a9c') in 0.032097 seconds 
========================================================================
Received Import Request.
  Time since last request: 0.000030 seconds.
  path: Assets/Game/Sprites/GUI Mobile Hyper-Casual (1)/GUI Mobile Hyper-Casual/Sprites/Emojis PNG/PNG/Set Emojis-assets/8.png
  artifactKey: Guid(69e50719d8f70b74eba8f6ba4e9458aa) Importer(815301076,1909f56bfc062723c751e8b465ee728b)
Start importing Assets/Game/Sprites/GUI Mobile Hyper-Casual (1)/GUI Mobile Hyper-Casual/Sprites/Emojis PNG/PNG/Set Emojis-assets/8.png using Guid(69e50719d8f70b74eba8f6ba4e9458aa) Importer(815301076,1909f56bfc062723c751e8b465ee728b)  -> (artifact id: '29bd0b995adace8408637c777904ce99') in 0.031812 seconds 
========================================================================
Received Import Request.
  Time since last request: 0.000029 seconds.
  path: Assets/Game/Sprites/GUI Mobile Hyper-Casual (1)/GUI Mobile Hyper-Casual/Sprites/Emojis PNG/PNG/Set Emojis-assets/4.png
  artifactKey: Guid(c9a4b45888520e04db3ab3df78677557) Importer(815301076,1909f56bfc062723c751e8b465ee728b)
Start importing Assets/Game/Sprites/GUI Mobile Hyper-Casual (1)/GUI Mobile Hyper-Casual/Sprites/Emojis PNG/PNG/Set Emojis-assets/4.png using Guid(c9a4b45888520e04db3ab3df78677557) Importer(815301076,1909f56bfc062723c751e8b465ee728b)  -> (artifact id: '96ca6c6d6445d0244808b74b7b864d8a') in 0.034533 seconds 
========================================================================
Received Import Request.
  Time since last request: 0.000030 seconds.
  path: Assets/Game/Sprites/GUI Mobile Hyper-Casual (1)/GUI Mobile Hyper-Casual/Sprites/Emojis PNG/PNG/Set Emojis-assets/17.png
  artifactKey: Guid(0e78ecc4fde7f5e49bbd1d0531cd5f77) Importer(815301076,1909f56bfc062723c751e8b465ee728b)
Start importing Assets/Game/Sprites/GUI Mobile Hyper-Casual (1)/GUI Mobile Hyper-Casual/Sprites/Emojis PNG/PNG/Set Emojis-assets/17.png using Guid(0e78ecc4fde7f5e49bbd1d0531cd5f77) Importer(815301076,1909f56bfc062723c751e8b465ee728b)  -> (artifact id: '56d8bac52848bf70b5b8e28382b50c2b') in 0.034042 seconds 
========================================================================
Received Import Request.
  Time since last request: 0.000039 seconds.
  path: Assets/Game/Sprites/GUI Mobile Hyper-Casual (1)/GUI Mobile Hyper-Casual/Sprites/Emojis PNG/PNG/Set Emojis-assets/25.png
  artifactKey: Guid(e8e3afab0ef96e94c85d2a3df1ece805) Importer(815301076,1909f56bfc062723c751e8b465ee728b)
Start importing Assets/Game/Sprites/GUI Mobile Hyper-Casual (1)/GUI Mobile Hyper-Casual/Sprites/Emojis PNG/PNG/Set Emojis-assets/25.png using Guid(e8e3afab0ef96e94c85d2a3df1ece805) Importer(815301076,1909f56bfc062723c751e8b465ee728b)  -> (artifact id: 'e634297d65f9593b8213c84ba9eac6fe') in 0.032635 seconds 
========================================================================
Received Import Request.
  Time since last request: 4.866010 seconds.
  path: Assets/Game/Sprites/GUI Mobile Hyper-Casual (1)/GUI Mobile Hyper-Casual/Sprites/Sprites by Menu/Buttons-assets/Blue Button Claim.png
  artifactKey: Guid(0bd20eb5b953c7942b5d345086110e42) Importer(815301076,1909f56bfc062723c751e8b465ee728b)
Start importing Assets/Game/Sprites/GUI Mobile Hyper-Casual (1)/GUI Mobile Hyper-Casual/Sprites/Sprites by Menu/Buttons-assets/Blue Button Claim.png using Guid(0bd20eb5b953c7942b5d345086110e42) Importer(815301076,1909f56bfc062723c751e8b465ee728b)  -> (artifact id: '0e01a9f0fb01ba9bc65606a1ad4f26e2') in 0.092515 seconds 
========================================================================
Received Import Request.
  Time since last request: 0.000027 seconds.
  path: Assets/Game/Sprites/GUI Mobile Hyper-Casual (1)/GUI Mobile Hyper-Casual/Sprites/Sprites by Menu/Buttons-assets/Yellow Button Continue.png
  artifactKey: Guid(a1301347e4a8dc14b8201fd803fa5afe) Importer(815301076,1909f56bfc062723c751e8b465ee728b)
Start importing Assets/Game/Sprites/GUI Mobile Hyper-Casual (1)/GUI Mobile Hyper-Casual/Sprites/Sprites by Menu/Buttons-assets/Yellow Button Continue.png using Guid(a1301347e4a8dc14b8201fd803fa5afe) Importer(815301076,1909f56bfc062723c751e8b465ee728b)  -> (artifact id: '5beb5d4bce2202f80c900448dd382587') in 0.020689 seconds 
========================================================================
Received Import Request.
  Time since last request: 0.000033 seconds.
  path: Assets/Game/Sprites/GUI Mobile Hyper-Casual (1)/GUI Mobile Hyper-Casual/Sprites/Sprites by Menu/Buttons-assets/Button2.png
  artifactKey: Guid(b77e64136c7b1404fbda896112c6c39a) Importer(815301076,1909f56bfc062723c751e8b465ee728b)
Start importing Assets/Game/Sprites/GUI Mobile Hyper-Casual (1)/GUI Mobile Hyper-Casual/Sprites/Sprites by Menu/Buttons-assets/Button2.png using Guid(b77e64136c7b1404fbda896112c6c39a) Importer(815301076,1909f56bfc062723c751e8b465ee728b)  -> (artifact id: '90f68ccdaf5058a763be91838effd223') in 0.023084 seconds 
========================================================================
Received Import Request.
  Time since last request: 0.000027 seconds.
  path: Assets/Game/Sprites/GUI Mobile Hyper-Casual (1)/GUI Mobile Hyper-Casual/Sprites/Sprites by Menu/Buttons-assets/Button7.png
  artifactKey: Guid(08e32c7de90febf4582d06d65946a591) Importer(815301076,1909f56bfc062723c751e8b465ee728b)
Start importing Assets/Game/Sprites/GUI Mobile Hyper-Casual (1)/GUI Mobile Hyper-Casual/Sprites/Sprites by Menu/Buttons-assets/Button7.png using Guid(08e32c7de90febf4582d06d65946a591) Importer(815301076,1909f56bfc062723c751e8b465ee728b)  -> (artifact id: 'abc4bf4cbe9be8447aa8c2f47926f53d') in 0.015833 seconds 
========================================================================
Received Import Request.
  Time since last request: 0.000023 seconds.
  path: Assets/Game/Sprites/GUI Mobile Hyper-Casual (1)/GUI Mobile Hyper-Casual/Sprites/Sprites by Menu/Buttons-assets/Pub Yellow Button Claim.png
  artifactKey: Guid(7980464428def4046981deb967808daa) Importer(815301076,1909f56bfc062723c751e8b465ee728b)
Start importing Assets/Game/Sprites/GUI Mobile Hyper-Casual (1)/GUI Mobile Hyper-Casual/Sprites/Sprites by Menu/Buttons-assets/Pub Yellow Button Claim.png using Guid(7980464428def4046981deb967808daa) Importer(815301076,1909f56bfc062723c751e8b465ee728b)  -> (artifact id: 'ef0a93a46ab8d1a19572ca7e28094588') in 0.016976 seconds 
========================================================================
Received Import Request.
  Time since last request: 0.000021 seconds.
  path: Assets/Game/Sprites/GUI Mobile Hyper-Casual (1)/GUI Mobile Hyper-Casual/Sprites/Sprites by Menu/Buttons-assets/Green Button Next.png
  artifactKey: Guid(00d1b2e4a729ac84083bcc42d652ed29) Importer(815301076,1909f56bfc062723c751e8b465ee728b)
Start importing Assets/Game/Sprites/GUI Mobile Hyper-Casual (1)/GUI Mobile Hyper-Casual/Sprites/Sprites by Menu/Buttons-assets/Green Button Next.png using Guid(00d1b2e4a729ac84083bcc42d652ed29) Importer(815301076,1909f56bfc062723c751e8b465ee728b)  -> (artifact id: '79d197928f180c03b3dbb2a55f3034d4') in 0.014649 seconds 
========================================================================
Received Import Request.
  Time since last request: 0.000023 seconds.
  path: Assets/Game/Sprites/GUI Mobile Hyper-Casual (1)/GUI Mobile Hyper-Casual/Sprites/Sprites by Menu/Buttons-assets/Blue Button Open.png
  artifactKey: Guid(12c77e29b093ae3459f9764419477d24) Importer(815301076,1909f56bfc062723c751e8b465ee728b)
Start importing Assets/Game/Sprites/GUI Mobile Hyper-Casual (1)/GUI Mobile Hyper-Casual/Sprites/Sprites by Menu/Buttons-assets/Blue Button Open.png using Guid(12c77e29b093ae3459f9764419477d24) Importer(815301076,1909f56bfc062723c751e8b465ee728b)  -> (artifact id: 'eddc095f48d4d6143f8cc6b9c023130e') in 0.013995 seconds 
========================================================================
Received Import Request.
  Time since last request: 0.000029 seconds.
  path: Assets/Game/Sprites/GUI Mobile Hyper-Casual (1)/GUI Mobile Hyper-Casual/Sprites/Sprites by Menu/Buttons-assets/Green Button Continue.png
  artifactKey: Guid(6ba2a62783c8a3e42943a53eaa43d258) Importer(815301076,1909f56bfc062723c751e8b465ee728b)
Start importing Assets/Game/Sprites/GUI Mobile Hyper-Casual (1)/GUI Mobile Hyper-Casual/Sprites/Sprites by Menu/Buttons-assets/Green Button Continue.png using Guid(6ba2a62783c8a3e42943a53eaa43d258) Importer(815301076,1909f56bfc062723c751e8b465ee728b)  -> (artifact id: 'b25ec26fafc69061ff60387c5d1cf8f2') in 0.015945 seconds 
========================================================================
Received Import Request.
  Time since last request: 0.000028 seconds.
  path: Assets/Game/Sprites/GUI Mobile Hyper-Casual (1)/GUI Mobile Hyper-Casual/Sprites/Sprites by Menu/Buttons-assets/Pub Green Button Open.png
  artifactKey: Guid(2738152b439d83443bbb5c555410c9e9) Importer(815301076,1909f56bfc062723c751e8b465ee728b)
Start importing Assets/Game/Sprites/GUI Mobile Hyper-Casual (1)/GUI Mobile Hyper-Casual/Sprites/Sprites by Menu/Buttons-assets/Pub Green Button Open.png using Guid(2738152b439d83443bbb5c555410c9e9) Importer(815301076,1909f56bfc062723c751e8b465ee728b)  -> (artifact id: '7a75f9ae11a2bca3d72093be193a523f') in 0.015041 seconds 
========================================================================
Received Import Request.
  Time since last request: 0.000038 seconds.
  path: Assets/Game/Sprites/GUI Mobile Hyper-Casual (1)/GUI Mobile Hyper-Casual/Sprites/Sprites by Menu/Buttons-assets/Green Button Go.png
  artifactKey: Guid(788d992ac879a89469757bd41420e238) Importer(815301076,1909f56bfc062723c751e8b465ee728b)
Start importing Assets/Game/Sprites/GUI Mobile Hyper-Casual (1)/GUI Mobile Hyper-Casual/Sprites/Sprites by Menu/Buttons-assets/Green Button Go.png using Guid(788d992ac879a89469757bd41420e238) Importer(815301076,1909f56bfc062723c751e8b465ee728b)  -> (artifact id: 'aa3ac6717513c9f8000c27fba9e604fd') in 0.015249 seconds 
========================================================================
Received Import Request.
  Time since last request: 0.000028 seconds.
  path: Assets/Game/Sprites/GUI Mobile Hyper-Casual (1)/GUI Mobile Hyper-Casual/Sprites/Sprites by Menu/Buttons-assets/Purple Button Claim.png
  artifactKey: Guid(c4331bb414f561844a2f235b04e04404) Importer(815301076,1909f56bfc062723c751e8b465ee728b)
Start importing Assets/Game/Sprites/GUI Mobile Hyper-Casual (1)/GUI Mobile Hyper-Casual/Sprites/Sprites by Menu/Buttons-assets/Purple Button Claim.png using Guid(c4331bb414f561844a2f235b04e04404) Importer(815301076,1909f56bfc062723c751e8b465ee728b)  -> (artifact id: 'f2cba4318ed62b65fc475b3325d684df') in 0.015748 seconds 
========================================================================
Received Import Request.
  Time since last request: 0.000020 seconds.
  path: Assets/Game/Sprites/GUI Mobile Hyper-Casual (1)/GUI Mobile Hyper-Casual/Sprites/Sprites by Menu/Buttons-assets/Purple Button Start.png
  artifactKey: Guid(8c30c9d01d995b64ba81b32b88a3d150) Importer(815301076,1909f56bfc062723c751e8b465ee728b)
Start importing Assets/Game/Sprites/GUI Mobile Hyper-Casual (1)/GUI Mobile Hyper-Casual/Sprites/Sprites by Menu/Buttons-assets/Purple Button Start.png using Guid(8c30c9d01d995b64ba81b32b88a3d150) Importer(815301076,1909f56bfc062723c751e8b465ee728b)  -> (artifact id: '8f443d4321f273db8badd03459c07fe7') in 0.015789 seconds 
========================================================================
Received Import Request.
  Time since last request: 0.000030 seconds.
  path: Assets/Game/Sprites/GUI Mobile Hyper-Casual (1)/GUI Mobile Hyper-Casual/Sprites/Sprites by Menu/Buttons-assets/Button8.png
  artifactKey: Guid(1a6c127b06258f046880d9c3af21eb59) Importer(815301076,1909f56bfc062723c751e8b465ee728b)
Start importing Assets/Game/Sprites/GUI Mobile Hyper-Casual (1)/GUI Mobile Hyper-Casual/Sprites/Sprites by Menu/Buttons-assets/Button8.png using Guid(1a6c127b06258f046880d9c3af21eb59) Importer(815301076,1909f56bfc062723c751e8b465ee728b)  -> (artifact id: 'd3e71306de93b52019f7868e06da9dfd') in 0.014243 seconds 
========================================================================
Received Import Request.
  Time since last request: 0.000027 seconds.
  path: Assets/Game/Sprites/GUI Mobile Hyper-Casual (1)/GUI Mobile Hyper-Casual/Sprites/Sprites by Menu/Buttons-assets/Blue Button Play.png
  artifactKey: Guid(1bc24571541ced84683a9fe5d7589d58) Importer(815301076,1909f56bfc062723c751e8b465ee728b)
Start importing Assets/Game/Sprites/GUI Mobile Hyper-Casual (1)/GUI Mobile Hyper-Casual/Sprites/Sprites by Menu/Buttons-assets/Blue Button Play.png using Guid(1bc24571541ced84683a9fe5d7589d58) Importer(815301076,1909f56bfc062723c751e8b465ee728b)  -> (artifact id: '65a1e127a53446b0110690c4a407abe8') in 0.015953 seconds 
========================================================================
Received Import Request.
  Time since last request: 0.000025 seconds.
  path: Assets/Game/Sprites/GUI Mobile Hyper-Casual (1)/GUI Mobile Hyper-Casual/Sprites/Sprites by Menu/Buttons-assets/Pub Blue Button Claim.png
  artifactKey: Guid(3d5aea77e56b99b4d9e837124a5ee21f) Importer(815301076,1909f56bfc062723c751e8b465ee728b)
Start importing Assets/Game/Sprites/GUI Mobile Hyper-Casual (1)/GUI Mobile Hyper-Casual/Sprites/Sprites by Menu/Buttons-assets/Pub Blue Button Claim.png using Guid(3d5aea77e56b99b4d9e837124a5ee21f) Importer(815301076,1909f56bfc062723c751e8b465ee728b)  -> (artifact id: 'ab45f61148bd04c7d7f65b2803823ad3') in 0.016914 seconds 
========================================================================
Received Import Request.
  Time since last request: 0.000028 seconds.
  path: Assets/Game/Sprites/GUI Mobile Hyper-Casual (1)/GUI Mobile Hyper-Casual/Sprites/Sprites by Menu/Buttons-assets/Purple Button Skip.png
  artifactKey: Guid(a8023ca46de518043a09430f84c63a89) Importer(815301076,1909f56bfc062723c751e8b465ee728b)
Start importing Assets/Game/Sprites/GUI Mobile Hyper-Casual (1)/GUI Mobile Hyper-Casual/Sprites/Sprites by Menu/Buttons-assets/Purple Button Skip.png using Guid(a8023ca46de518043a09430f84c63a89) Importer(815301076,1909f56bfc062723c751e8b465ee728b)  -> (artifact id: '2749a097aa5f7c86a631a3555be79c68') in 0.014893 seconds 
========================================================================
Received Import Request.
  Time since last request: 0.000031 seconds.
  path: Assets/Game/Sprites/GUI Mobile Hyper-Casual (1)/GUI Mobile Hyper-Casual/Sprites/Sprites by Menu/Buttons-assets/Yellow Button Play.png
  artifactKey: Guid(e9944d0ea1cca034bacab6d9c4305473) Importer(815301076,1909f56bfc062723c751e8b465ee728b)
Start importing Assets/Game/Sprites/GUI Mobile Hyper-Casual (1)/GUI Mobile Hyper-Casual/Sprites/Sprites by Menu/Buttons-assets/Yellow Button Play.png using Guid(e9944d0ea1cca034bacab6d9c4305473) Importer(815301076,1909f56bfc062723c751e8b465ee728b)  -> (artifact id: '37645bc3e31853a953540ebd971428b8') in 0.015896 seconds 
========================================================================
Received Import Request.
  Time since last request: 0.000033 seconds.
  path: Assets/Game/Sprites/GUI Mobile Hyper-Casual (1)/GUI Mobile Hyper-Casual/Sprites/Sprites by Menu/Buttons-assets/Pub Yellow Button Skip.png
  artifactKey: Guid(d1332b64b68ede24b9554656e0c2228e) Importer(815301076,1909f56bfc062723c751e8b465ee728b)
Start importing Assets/Game/Sprites/GUI Mobile Hyper-Casual (1)/GUI Mobile Hyper-Casual/Sprites/Sprites by Menu/Buttons-assets/Pub Yellow Button Skip.png using Guid(d1332b64b68ede24b9554656e0c2228e) Importer(815301076,1909f56bfc062723c751e8b465ee728b)  -> (artifact id: '15cd326906796e713f3d84c4c1e0512b') in 0.015372 seconds 
========================================================================
Received Import Request.
  Time since last request: 0.000021 seconds.
  path: Assets/Game/Sprites/GUI Mobile Hyper-Casual (1)/GUI Mobile Hyper-Casual/Sprites/Sprites by Menu/Buttons-assets/Purple Buton OK.png
  artifactKey: Guid(e20f7e2cd67f04e49b68ffa746f674f3) Importer(815301076,1909f56bfc062723c751e8b465ee728b)
Start importing Assets/Game/Sprites/GUI Mobile Hyper-Casual (1)/GUI Mobile Hyper-Casual/Sprites/Sprites by Menu/Buttons-assets/Purple Buton OK.png using Guid(e20f7e2cd67f04e49b68ffa746f674f3) Importer(815301076,1909f56bfc062723c751e8b465ee728b)  -> (artifact id: '50628f2e33df8094a7625e00cf6bd0f7') in 0.016648 seconds 
========================================================================
Received Import Request.
  Time since last request: 0.000024 seconds.
  path: Assets/Game/Sprites/GUI Mobile Hyper-Casual (1)/GUI Mobile Hyper-Casual/Sprites/Sprites by Menu/Buttons-assets/Button6.png
  artifactKey: Guid(681f5cfe0b3dcab4487b63a423f78fd3) Importer(815301076,1909f56bfc062723c751e8b465ee728b)
Start importing Assets/Game/Sprites/GUI Mobile Hyper-Casual (1)/GUI Mobile Hyper-Casual/Sprites/Sprites by Menu/Buttons-assets/Button6.png using Guid(681f5cfe0b3dcab4487b63a423f78fd3) Importer(815301076,1909f56bfc062723c751e8b465ee728b)  -> (artifact id: 'c7fc9fce11d737016be5ed3b701ac2ae') in 0.015126 seconds 
========================================================================
Received Import Request.
  Time since last request: 10.384961 seconds.
  path: Assets/Game/Sprites/GUI Mobile Hyper-Casual (1)/GUI Mobile Hyper-Casual/Sprites/Sprites by Menu/Home-assets/Background Buttons Menu.png
  artifactKey: Guid(664532547e17b244499b6ddc142ebb62) Importer(815301076,1909f56bfc062723c751e8b465ee728b)
Start importing Assets/Game/Sprites/GUI Mobile Hyper-Casual (1)/GUI Mobile Hyper-Casual/Sprites/Sprites by Menu/Home-assets/Background Buttons Menu.png using Guid(664532547e17b244499b6ddc142ebb62) Importer(815301076,1909f56bfc062723c751e8b465ee728b)  -> (artifact id: '57b68be8e2f768679b8af9be777eecc6') in 0.134984 seconds 
========================================================================
Received Import Request.
  Time since last request: 0.000030 seconds.
  path: Assets/Game/Sprites/GUI Mobile Hyper-Casual (1)/GUI Mobile Hyper-Casual/Sprites/Sprites by Menu/Home-assets/Gift___.png
  artifactKey: Guid(c7e1e364c95e0c943bfa89962a6c93a6) Importer(815301076,1909f56bfc062723c751e8b465ee728b)
Start importing Assets/Game/Sprites/GUI Mobile Hyper-Casual (1)/GUI Mobile Hyper-Casual/Sprites/Sprites by Menu/Home-assets/Gift___.png using Guid(c7e1e364c95e0c943bfa89962a6c93a6) Importer(815301076,1909f56bfc062723c751e8b465ee728b)  -> (artifact id: 'f6c02e1b18fd096030ef66e92aa7a5e7') in 0.033855 seconds 
========================================================================
Received Import Request.
  Time since last request: 0.000037 seconds.
  path: Assets/Game/Sprites/GUI Mobile Hyper-Casual (1)/GUI Mobile Hyper-Casual/Sprites/Sprites by Menu/Home-assets/Pop up Purple.png
  artifactKey: Guid(c0042521c3c102049b7a2612df7c9ae1) Importer(815301076,1909f56bfc062723c751e8b465ee728b)
Start importing Assets/Game/Sprites/GUI Mobile Hyper-Casual (1)/GUI Mobile Hyper-Casual/Sprites/Sprites by Menu/Home-assets/Pop up Purple.png using Guid(c0042521c3c102049b7a2612df7c9ae1) Importer(815301076,1909f56bfc062723c751e8b465ee728b)  -> (artifact id: 'c1a33a3d05c99060ccab57bd48cf60ad') in 0.047672 seconds 
========================================================================
Received Import Request.
  Time since last request: 0.000046 seconds.
  path: Assets/Game/Sprites/GUI Mobile Hyper-Casual (1)/GUI Mobile Hyper-Casual/Sprites/Sprites by Menu/Home-assets/Bonus.png
  artifactKey: Guid(ccad7e4039ada0b40b04704082d76aec) Importer(815301076,1909f56bfc062723c751e8b465ee728b)
Start importing Assets/Game/Sprites/GUI Mobile Hyper-Casual (1)/GUI Mobile Hyper-Casual/Sprites/Sprites by Menu/Home-assets/Bonus.png using Guid(ccad7e4039ada0b40b04704082d76aec) Importer(815301076,1909f56bfc062723c751e8b465ee728b)  -> (artifact id: 'c902fbd74d33ce80f490a265b85585d4') in 0.028407 seconds 
========================================================================
Received Import Request.
  Time since last request: 0.000033 seconds.
  path: Assets/Game/Sprites/GUI Mobile Hyper-Casual (1)/GUI Mobile Hyper-Casual/Sprites/Sprites by Menu/Home-assets/Purple Square.png
  artifactKey: Guid(afc2d52c1721c944bb62116cccaf3f19) Importer(815301076,1909f56bfc062723c751e8b465ee728b)
Start importing Assets/Game/Sprites/GUI Mobile Hyper-Casual (1)/GUI Mobile Hyper-Casual/Sprites/Sprites by Menu/Home-assets/Purple Square.png using Guid(afc2d52c1721c944bb62116cccaf3f19) Importer(815301076,1909f56bfc062723c751e8b465ee728b)  -> (artifact id: 'cb89f5f6f1a1dbd1dbbbe14a3c399ed8') in 0.029454 seconds 
========================================================================
Received Import Request.
  Time since last request: 0.000035 seconds.
  path: Assets/Game/Sprites/GUI Mobile Hyper-Casual (1)/GUI Mobile Hyper-Casual/Sprites/Sprites by Menu/Home-assets/Case Day 1.png
  artifactKey: Guid(efff13787579e7649939b29670d40a4b) Importer(815301076,1909f56bfc062723c751e8b465ee728b)
Start importing Assets/Game/Sprites/GUI Mobile Hyper-Casual (1)/GUI Mobile Hyper-Casual/Sprites/Sprites by Menu/Home-assets/Case Day 1.png using Guid(efff13787579e7649939b29670d40a4b) Importer(815301076,1909f56bfc062723c751e8b465ee728b)  -> (artifact id: '6e1e5725f8b0c61c0bda1cdead5eedbf') in 0.029147 seconds 
========================================================================
Received Import Request.
  Time since last request: 0.000037 seconds.
  path: Assets/Game/Sprites/GUI Mobile Hyper-Casual (1)/GUI Mobile Hyper-Casual/Sprites/Sprites by Menu/Home-assets/Green Square.png
  artifactKey: Guid(ab584de0445b7244ca138add9bce7b4d) Importer(815301076,1909f56bfc062723c751e8b465ee728b)
Start importing Assets/Game/Sprites/GUI Mobile Hyper-Casual (1)/GUI Mobile Hyper-Casual/Sprites/Sprites by Menu/Home-assets/Green Square.png using Guid(ab584de0445b7244ca138add9bce7b4d) Importer(815301076,1909f56bfc062723c751e8b465ee728b)  -> (artifact id: 'b3643c31f01816fe50242ef366cb3885') in 0.023911 seconds 
========================================================================
Received Import Request.
  Time since last request: 0.000029 seconds.
  path: Assets/Game/Sprites/GUI Mobile Hyper-Casual (1)/GUI Mobile Hyper-Casual/Sprites/Sprites by Menu/Home-assets/Legendary.png
  artifactKey: Guid(c91d42f62e06d8b43b930db46e9fb81d) Importer(815301076,1909f56bfc062723c751e8b465ee728b)
Start importing Assets/Game/Sprites/GUI Mobile Hyper-Casual (1)/GUI Mobile Hyper-Casual/Sprites/Sprites by Menu/Home-assets/Legendary.png using Guid(c91d42f62e06d8b43b930db46e9fb81d) Importer(815301076,1909f56bfc062723c751e8b465ee728b)  -> (artifact id: '6a1fe5f6b18bc4ff70969433ee2525ef') in 0.026777 seconds 
========================================================================
Received Import Request.
  Time since last request: 0.000044 seconds.
  path: Assets/Game/Sprites/GUI Mobile Hyper-Casual (1)/GUI Mobile Hyper-Casual/Sprites/Sprites by Menu/Home-assets/Unlok random 1.png
  artifactKey: Guid(764c880effa81a848bafadbd37cc0315) Importer(815301076,1909f56bfc062723c751e8b465ee728b)
Start importing Assets/Game/Sprites/GUI Mobile Hyper-Casual (1)/GUI Mobile Hyper-Casual/Sprites/Sprites by Menu/Home-assets/Unlok random 1.png using Guid(764c880effa81a848bafadbd37cc0315) Importer(815301076,1909f56bfc062723c751e8b465ee728b)  -> (artifact id: 'a20446da33c9548bc12cb6a7ed630807') in 0.026523 seconds 
========================================================================
Received Import Request.
  Time since last request: 0.000033 seconds.
  path: Assets/Game/Sprites/GUI Mobile Hyper-Casual (1)/GUI Mobile Hyper-Casual/Sprites/Sprites by Menu/Home-assets/Close Green.png
  artifactKey: Guid(48c4a8db2728f774ca9ed503a4112135) Importer(815301076,1909f56bfc062723c751e8b465ee728b)
Start importing Assets/Game/Sprites/GUI Mobile Hyper-Casual (1)/GUI Mobile Hyper-Casual/Sprites/Sprites by Menu/Home-assets/Close Green.png using Guid(48c4a8db2728f774ca9ed503a4112135) Importer(815301076,1909f56bfc062723c751e8b465ee728b)  -> (artifact id: 'b86a9c2d316bf2263ec9480b675463da') in 0.026104 seconds 
========================================================================
Received Import Request.
  Time since last request: 0.000031 seconds.
  path: Assets/Game/Sprites/GUI Mobile Hyper-Casual (1)/GUI Mobile Hyper-Casual/Sprites/Sprites by Menu/Home-assets/Icon Setting.png
  artifactKey: Guid(f18c148d709481248b386c10e695e1ed) Importer(815301076,1909f56bfc062723c751e8b465ee728b)
Start importing Assets/Game/Sprites/GUI Mobile Hyper-Casual (1)/GUI Mobile Hyper-Casual/Sprites/Sprites by Menu/Home-assets/Icon Setting.png using Guid(f18c148d709481248b386c10e695e1ed) Importer(815301076,1909f56bfc062723c751e8b465ee728b)  -> (artifact id: '263f07e2a3d4e0dfec966473a9404c3a') in 0.023998 seconds 
========================================================================
Received Import Request.
  Time since last request: 0.000028 seconds.
  path: Assets/Game/Sprites/GUI Mobile Hyper-Casual (1)/GUI Mobile Hyper-Casual/Sprites/Sprites by Menu/Home-assets/Background Icon Setting.png
  artifactKey: Guid(31db0a35d4be6fa4d9a54754dbbd2584) Importer(815301076,1909f56bfc062723c751e8b465ee728b)
Start importing Assets/Game/Sprites/GUI Mobile Hyper-Casual (1)/GUI Mobile Hyper-Casual/Sprites/Sprites by Menu/Home-assets/Background Icon Setting.png using Guid(31db0a35d4be6fa4d9a54754dbbd2584) Importer(815301076,1909f56bfc062723c751e8b465ee728b)  -> (artifact id: 'aa236cf5bd9a49cf4972ed5d160a7910') in 0.025020 seconds 
========================================================================
Received Import Request.
  Time since last request: 0.000029 seconds.
  path: Assets/Game/Sprites/GUI Mobile Hyper-Casual (1)/GUI Mobile Hyper-Casual/Sprites/Sprites by Menu/Home-assets/Case Lock.png
  artifactKey: Guid(89b13fb9b22d762479750933c96f4f0a) Importer(815301076,1909f56bfc062723c751e8b465ee728b)
Start importing Assets/Game/Sprites/GUI Mobile Hyper-Casual (1)/GUI Mobile Hyper-Casual/Sprites/Sprites by Menu/Home-assets/Case Lock.png using Guid(89b13fb9b22d762479750933c96f4f0a) Importer(815301076,1909f56bfc062723c751e8b465ee728b)  -> (artifact id: '2187a287790db484d084921065f595b4') in 0.019341 seconds 
========================================================================
Received Import Request.
  Time since last request: 0.000103 seconds.
  path: Assets/Game/Sprites/GUI Mobile Hyper-Casual (1)/GUI Mobile Hyper-Casual/Sprites/Sprites by Menu/Home-assets/Sound.png
  artifactKey: Guid(47dcfff609dd89a4f9fe3db804083472) Importer(815301076,1909f56bfc062723c751e8b465ee728b)
Start importing Assets/Game/Sprites/GUI Mobile Hyper-Casual (1)/GUI Mobile Hyper-Casual/Sprites/Sprites by Menu/Home-assets/Sound.png using Guid(47dcfff609dd89a4f9fe3db804083472) Importer(815301076,1909f56bfc062723c751e8b465ee728b)  -> (artifact id: '0b1b9dee7fb2aace4530daee06445a8e') in 0.015377 seconds 
========================================================================
Received Import Request.
  Time since last request: 0.000023 seconds.
  path: Assets/Game/Sprites/GUI Mobile Hyper-Casual (1)/GUI Mobile Hyper-Casual/Sprites/Sprites by Menu/Home-assets/New.png
  artifactKey: Guid(4e7ed609621525d4b8c7bd50f2b28678) Importer(815301076,1909f56bfc062723c751e8b465ee728b)
Start importing Assets/Game/Sprites/GUI Mobile Hyper-Casual (1)/GUI Mobile Hyper-Casual/Sprites/Sprites by Menu/Home-assets/New.png using Guid(4e7ed609621525d4b8c7bd50f2b28678) Importer(815301076,1909f56bfc062723c751e8b465ee728b)  -> (artifact id: '5fe23c22ed73d97d5415f8503551a50a') in 0.013462 seconds 
========================================================================
Received Import Request.
  Time since last request: 25.042271 seconds.
  path: Assets/Game/Sprites/GUI Mobile Hyper-Casual (1)/GUI Mobile Hyper-Casual/Sprites/Sprites by Menu/In Game-assets/2.png
  artifactKey: Guid(5cb029aab0fa27144a51693e87da6a79) Importer(815301076,1909f56bfc062723c751e8b465ee728b)
Start importing Assets/Game/Sprites/GUI Mobile Hyper-Casual (1)/GUI Mobile Hyper-Casual/Sprites/Sprites by Menu/In Game-assets/2.png using Guid(5cb029aab0fa27144a51693e87da6a79) Importer(815301076,1909f56bfc062723c751e8b465ee728b)  -> (artifact id: '669aa157530577e222751a8fd55d8246') in 0.072244 seconds 
========================================================================
Received Import Request.
  Time since last request: 0.000025 seconds.
  path: Assets/Game/Sprites/GUI Mobile Hyper-Casual (1)/GUI Mobile Hyper-Casual/Sprites/Sprites by Menu/In Game-assets/Square Green.png
  artifactKey: Guid(c266f27f9276f474d8b03b03b765a342) Importer(815301076,1909f56bfc062723c751e8b465ee728b)
Start importing Assets/Game/Sprites/GUI Mobile Hyper-Casual (1)/GUI Mobile Hyper-Casual/Sprites/Sprites by Menu/In Game-assets/Square Green.png using Guid(c266f27f9276f474d8b03b03b765a342) Importer(815301076,1909f56bfc062723c751e8b465ee728b)  -> (artifact id: '1f3c6fd1a369bf61d2ee3a057321081d') in 0.045811 seconds 
========================================================================
Received Import Request.
  Time since last request: 0.000021 seconds.
  path: Assets/Game/Sprites/GUI Mobile Hyper-Casual (1)/GUI Mobile Hyper-Casual/Sprites/Sprites by Menu/In Game-assets/Amazing.png
  artifactKey: Guid(f4ad22a0d6a243f4fabd56b913b3a7b6) Importer(815301076,1909f56bfc062723c751e8b465ee728b)
Start importing Assets/Game/Sprites/GUI Mobile Hyper-Casual (1)/GUI Mobile Hyper-Casual/Sprites/Sprites by Menu/In Game-assets/Amazing.png using Guid(f4ad22a0d6a243f4fabd56b913b3a7b6) Importer(815301076,1909f56bfc062723c751e8b465ee728b)  -> (artifact id: 'aebd8a9a385fa6860617348a126a883b') in 0.059489 seconds 
========================================================================
Received Import Request.
  Time since last request: 0.000025 seconds.
  path: Assets/Game/Sprites/GUI Mobile Hyper-Casual (1)/GUI Mobile Hyper-Casual/Sprites/Sprites by Menu/In Game-assets/Background Rectangle Progress Bar.png
  artifactKey: Guid(06e3d25b5cb2418409a5a6036e2d3ae9) Importer(815301076,1909f56bfc062723c751e8b465ee728b)
Start importing Assets/Game/Sprites/GUI Mobile Hyper-Casual (1)/GUI Mobile Hyper-Casual/Sprites/Sprites by Menu/In Game-assets/Background Rectangle Progress Bar.png using Guid(06e3d25b5cb2418409a5a6036e2d3ae9) Importer(815301076,1909f56bfc062723c751e8b465ee728b)  -> (artifact id: '0fab40eaaf80b10e0679064b21dd2559') in 0.049338 seconds 
========================================================================
Received Import Request.
  Time since last request: 0.000037 seconds.
  path: Assets/Game/Sprites/GUI Mobile Hyper-Casual (1)/GUI Mobile Hyper-Casual/Sprites/Sprites by Menu/In Game-assets/Bar Progress in game Green.png
  artifactKey: Guid(b68c26fc83e8ac643965410660e70bc7) Importer(815301076,1909f56bfc062723c751e8b465ee728b)
Start importing Assets/Game/Sprites/GUI Mobile Hyper-Casual (1)/GUI Mobile Hyper-Casual/Sprites/Sprites by Menu/In Game-assets/Bar Progress in game Green.png using Guid(b68c26fc83e8ac643965410660e70bc7) Importer(815301076,1909f56bfc062723c751e8b465ee728b)  -> (artifact id: '130b573a0bdb5e29f3b21fe28d673c71') in 0.037045 seconds 
========================================================================
Received Import Request.
  Time since last request: 0.000023 seconds.
  path: Assets/Game/Sprites/GUI Mobile Hyper-Casual (1)/GUI Mobile Hyper-Casual/Sprites/Sprites by Menu/In Game-assets/Yellow Elipse.png
  artifactKey: Guid(df8f599555ffb1d40aa27b16febf4390) Importer(815301076,1909f56bfc062723c751e8b465ee728b)
Start importing Assets/Game/Sprites/GUI Mobile Hyper-Casual (1)/GUI Mobile Hyper-Casual/Sprites/Sprites by Menu/In Game-assets/Yellow Elipse.png using Guid(df8f599555ffb1d40aa27b16febf4390) Importer(815301076,1909f56bfc062723c751e8b465ee728b)  -> (artifact id: 'ecd3471ff24960567d5e6d68bc8fac20') in 0.012689 seconds 
========================================================================
Received Import Request.
  Time since last request: 0.000025 seconds.
  path: Assets/Game/Sprites/GUI Mobile Hyper-Casual (1)/GUI Mobile Hyper-Casual/Sprites/Sprites by Menu/In Game-assets/Button Pub Continue.png
  artifactKey: Guid(345443d073f40e04ebeb130c2db0ab0d) Importer(815301076,1909f56bfc062723c751e8b465ee728b)
Start importing Assets/Game/Sprites/GUI Mobile Hyper-Casual (1)/GUI Mobile Hyper-Casual/Sprites/Sprites by Menu/In Game-assets/Button Pub Continue.png using Guid(345443d073f40e04ebeb130c2db0ab0d) Importer(815301076,1909f56bfc062723c751e8b465ee728b)  -> (artifact id: 'e792de2de598e12fa4addfb511807551') in 0.020200 seconds 
========================================================================
Received Import Request.
  Time since last request: 0.000029 seconds.
  path: Assets/Game/Sprites/GUI Mobile Hyper-Casual (1)/GUI Mobile Hyper-Casual/Sprites/Sprites by Menu/In Game-assets/100.png
  artifactKey: Guid(d4d140ea59904d14d89031979967f620) Importer(815301076,1909f56bfc062723c751e8b465ee728b)
Start importing Assets/Game/Sprites/GUI Mobile Hyper-Casual (1)/GUI Mobile Hyper-Casual/Sprites/Sprites by Menu/In Game-assets/100.png using Guid(d4d140ea59904d14d89031979967f620) Importer(815301076,1909f56bfc062723c751e8b465ee728b)  -> (artifact id: 'b50935e46bc1e551f13d9fbd2206656c') in 0.017350 seconds 
========================================================================
Received Import Request.
  Time since last request: 0.000026 seconds.
  path: Assets/Game/Sprites/GUI Mobile Hyper-Casual (1)/GUI Mobile Hyper-Casual/Sprites/Sprites by Menu/In Game-assets/Square Yellow.png
  artifactKey: Guid(9278c45dc5427aa4d91a1f94680cf28f) Importer(815301076,1909f56bfc062723c751e8b465ee728b)
Start importing Assets/Game/Sprites/GUI Mobile Hyper-Casual (1)/GUI Mobile Hyper-Casual/Sprites/Sprites by Menu/In Game-assets/Square Yellow.png using Guid(9278c45dc5427aa4d91a1f94680cf28f) Importer(815301076,1909f56bfc062723c751e8b465ee728b)  -> (artifact id: '6124da2eaaefbefee4d6d90a7a138db2') in 0.014788 seconds 
========================================================================
Received Import Request.
  Time since last request: 0.000024 seconds.
  path: Assets/Game/Sprites/GUI Mobile Hyper-Casual (1)/GUI Mobile Hyper-Casual/Sprites/Sprites by Menu/In Game-assets/Progress Bar In Game 2.png
  artifactKey: Guid(db5cbda2099ae334d9c848cc1f250b01) Importer(815301076,1909f56bfc062723c751e8b465ee728b)
Start importing Assets/Game/Sprites/GUI Mobile Hyper-Casual (1)/GUI Mobile Hyper-Casual/Sprites/Sprites by Menu/In Game-assets/Progress Bar In Game 2.png using Guid(db5cbda2099ae334d9c848cc1f250b01) Importer(815301076,1909f56bfc062723c751e8b465ee728b)  -> (artifact id: 'a5633a05a56bb4a1da0d1f79ac641857') in 0.013860 seconds 
========================================================================
Received Import Request.
  Time since last request: 0.000024 seconds.
  path: Assets/Game/Sprites/GUI Mobile Hyper-Casual (1)/GUI Mobile Hyper-Casual/Sprites/Sprites by Menu/In Game-assets/10.png
  artifactKey: Guid(c19ccab772ebac34f921875c28d7678f) Importer(815301076,1909f56bfc062723c751e8b465ee728b)
Start importing Assets/Game/Sprites/GUI Mobile Hyper-Casual (1)/GUI Mobile Hyper-Casual/Sprites/Sprites by Menu/In Game-assets/10.png using Guid(c19ccab772ebac34f921875c28d7678f) Importer(815301076,1909f56bfc062723c751e8b465ee728b)  -> (artifact id: 'f230aa238b47f20370a917a5188c3ac7') in 0.015365 seconds 
========================================================================
Received Import Request.
  Time since last request: 0.000027 seconds.
  path: Assets/Game/Sprites/GUI Mobile Hyper-Casual (1)/GUI Mobile Hyper-Casual/Sprites/Sprites by Menu/In Game-assets/Progress Bar In Game 1.png
  artifactKey: Guid(278dc0cf2bfc2d44d90e3ea8d2f6b838) Importer(815301076,1909f56bfc062723c751e8b465ee728b)
Start importing Assets/Game/Sprites/GUI Mobile Hyper-Casual (1)/GUI Mobile Hyper-Casual/Sprites/Sprites by Menu/In Game-assets/Progress Bar In Game 1.png using Guid(278dc0cf2bfc2d44d90e3ea8d2f6b838) Importer(815301076,1909f56bfc062723c751e8b465ee728b)  -> (artifact id: '24435b355f50098cd25ee5f0ccfa58d9') in 0.014628 seconds 
========================================================================
Received Import Request.
  Time since last request: 0.000022 seconds.
  path: Assets/Game/Sprites/GUI Mobile Hyper-Casual (1)/GUI Mobile Hyper-Casual/Sprites/Sprites by Menu/In Game-assets/Rectangle Progress Bar green.png
  artifactKey: Guid(7dc690b2a03716e45be2487abae9f4ab) Importer(815301076,1909f56bfc062723c751e8b465ee728b)
Start importing Assets/Game/Sprites/GUI Mobile Hyper-Casual (1)/GUI Mobile Hyper-Casual/Sprites/Sprites by Menu/In Game-assets/Rectangle Progress Bar green.png using Guid(7dc690b2a03716e45be2487abae9f4ab) Importer(815301076,1909f56bfc062723c751e8b465ee728b)  -> (artifact id: '6ef80b0857832fb0e6d310acd330b739') in 0.013224 seconds 
========================================================================
Received Import Request.
  Time since last request: 0.000027 seconds.
  path: Assets/Game/Sprites/GUI Mobile Hyper-Casual (1)/GUI Mobile Hyper-Casual/Sprites/Sprites by Menu/In Game-assets/AWESOME___.png
  artifactKey: Guid(c157698b216a05048b989abfe25abae7) Importer(815301076,1909f56bfc062723c751e8b465ee728b)
Start importing Assets/Game/Sprites/GUI Mobile Hyper-Casual (1)/GUI Mobile Hyper-Casual/Sprites/Sprites by Menu/In Game-assets/AWESOME___.png using Guid(c157698b216a05048b989abfe25abae7) Importer(815301076,1909f56bfc062723c751e8b465ee728b)  -> (artifact id: '977a04bb6fc72658413eec782f76e0fd') in 0.015408 seconds 
========================================================================
Received Import Request.
  Time since last request: 0.000039 seconds.
  path: Assets/Game/Sprites/GUI Mobile Hyper-Casual (1)/GUI Mobile Hyper-Casual/Sprites/Sprites by Menu/In Game-assets/Triumph.png
  artifactKey: Guid(81418388f10631744b54f5ac8f2eba0c) Importer(815301076,1909f56bfc062723c751e8b465ee728b)
Start importing Assets/Game/Sprites/GUI Mobile Hyper-Casual (1)/GUI Mobile Hyper-Casual/Sprites/Sprites by Menu/In Game-assets/Triumph.png using Guid(81418388f10631744b54f5ac8f2eba0c) Importer(815301076,1909f56bfc062723c751e8b465ee728b)  -> (artifact id: 'b2c75ff65230c01ab32236f8f60bf182') in 0.015379 seconds 
========================================================================
Received Import Request.
  Time since last request: 0.000030 seconds.
  path: Assets/Game/Sprites/GUI Mobile Hyper-Casual (1)/GUI Mobile Hyper-Casual/Sprites/Sprites by Menu/In Game-assets/20.png
  artifactKey: Guid(f6f35c12c7fe4f449849151e0b35519c) Importer(815301076,1909f56bfc062723c751e8b465ee728b)
Start importing Assets/Game/Sprites/GUI Mobile Hyper-Casual (1)/GUI Mobile Hyper-Casual/Sprites/Sprites by Menu/In Game-assets/20.png using Guid(f6f35c12c7fe4f449849151e0b35519c) Importer(815301076,1909f56bfc062723c751e8b465ee728b)  -> (artifact id: '8b7c2505601fe90588df2607fb8b533f') in 0.015519 seconds 
========================================================================
Received Import Request.
  Time since last request: 0.000032 seconds.
  path: Assets/Game/Sprites/GUI Mobile Hyper-Casual (1)/GUI Mobile Hyper-Casual/Sprites/Sprites by Menu/In Game-assets/Blue Elipse.png
  artifactKey: Guid(4c34247c750b47a4dad1638f382c2d32) Importer(815301076,1909f56bfc062723c751e8b465ee728b)
Start importing Assets/Game/Sprites/GUI Mobile Hyper-Casual (1)/GUI Mobile Hyper-Casual/Sprites/Sprites by Menu/In Game-assets/Blue Elipse.png using Guid(4c34247c750b47a4dad1638f382c2d32) Importer(815301076,1909f56bfc062723c751e8b465ee728b)  -> (artifact id: 'e86ac6f7641f48608f3b33048fe4368f') in 0.013118 seconds 
========================================================================
Received Import Request.
  Time since last request: 0.000028 seconds.
  path: Assets/Game/Sprites/GUI Mobile Hyper-Casual (1)/GUI Mobile Hyper-Casual/Sprites/Sprites by Menu/In Game-assets/KILL.png
  artifactKey: Guid(c2f11bc07539c924aa219322ee34739e) Importer(815301076,1909f56bfc062723c751e8b465ee728b)
Start importing Assets/Game/Sprites/GUI Mobile Hyper-Casual (1)/GUI Mobile Hyper-Casual/Sprites/Sprites by Menu/In Game-assets/KILL.png using Guid(c2f11bc07539c924aa219322ee34739e) Importer(815301076,1909f56bfc062723c751e8b465ee728b)  -> (artifact id: '44460cdc917f7b17de4944946c65f89d') in 0.012926 seconds 
========================================================================
Received Import Request.
  Time since last request: 11.512117 seconds.
  path: Assets/Game/Sprites/GUI Mobile Hyper-Casual (1)/GUI Mobile Hyper-Casual/Sprites/Sprites by Menu/Prize Machine-assets/256 logo.png
  artifactKey: Guid(b6d9f15dfd2f14a7e92870ff3fc1389a) Importer(815301076,1909f56bfc062723c751e8b465ee728b)
Start importing Assets/Game/Sprites/GUI Mobile Hyper-Casual (1)/GUI Mobile Hyper-Casual/Sprites/Sprites by Menu/Prize Machine-assets/256 logo.png using Guid(b6d9f15dfd2f14a7e92870ff3fc1389a) Importer(815301076,1909f56bfc062723c751e8b465ee728b)  -> (artifact id: '96c182938cd107dd840220eff6393440') in 0.307321 seconds 
========================================================================
Received Import Request.
  Time since last request: 2.872894 seconds.
  path: Assets/Game/Sprites/GUI Mobile Hyper-Casual (1)/GUI Mobile Hyper-Casual/Sprites/Sprites by Menu/Win-assets/Background Green.png
  artifactKey: Guid(0e7e23aae9879f6449e04ad82e89627c) Importer(815301076,1909f56bfc062723c751e8b465ee728b)
Start importing Assets/Game/Sprites/GUI Mobile Hyper-Casual (1)/GUI Mobile Hyper-Casual/Sprites/Sprites by Menu/Win-assets/Background Green.png using Guid(0e7e23aae9879f6449e04ad82e89627c) Importer(815301076,1909f56bfc062723c751e8b465ee728b)  -> (artifact id: 'cb41b0c78e48414ed3805c8987ffce92') in 0.074794 seconds 
========================================================================
Received Import Request.
  Time since last request: 0.000029 seconds.
  path: Assets/Game/Sprites/GUI Mobile Hyper-Casual (1)/GUI Mobile Hyper-Casual/Sprites/Sprites by Menu/Win-assets/White Guft Progress Bar.png
  artifactKey: Guid(c3fd4b776cb20314a877ad542d6b7cfb) Importer(815301076,1909f56bfc062723c751e8b465ee728b)
Start importing Assets/Game/Sprites/GUI Mobile Hyper-Casual (1)/GUI Mobile Hyper-Casual/Sprites/Sprites by Menu/Win-assets/White Guft Progress Bar.png using Guid(c3fd4b776cb20314a877ad542d6b7cfb) Importer(815301076,1909f56bfc062723c751e8b465ee728b)  -> (artifact id: '5e9a5b9d5da294e1ce11a8d886c66d6a') in 0.018301 seconds 
========================================================================
Received Import Request.
  Time since last request: 0.000033 seconds.
  path: Assets/Game/Sprites/GUI Mobile Hyper-Casual (1)/GUI Mobile Hyper-Casual/Sprites/Sprites by Menu/Win-assets/Green Gift Progress Bar.png
  artifactKey: Guid(6fb3311579bb4dc44bab9a65a8139703) Importer(815301076,1909f56bfc062723c751e8b465ee728b)
Start importing Assets/Game/Sprites/GUI Mobile Hyper-Casual (1)/GUI Mobile Hyper-Casual/Sprites/Sprites by Menu/Win-assets/Green Gift Progress Bar.png using Guid(6fb3311579bb4dc44bab9a65a8139703) Importer(815301076,1909f56bfc062723c751e8b465ee728b)  -> (artifact id: '01d9eff5a87e2b74c308c143ccf69be8') in 0.014982 seconds 
========================================================================
Received Import Request.
  Time since last request: 0.000030 seconds.
  path: Assets/Game/Sprites/GUI Mobile Hyper-Casual (1)/GUI Mobile Hyper-Casual/Sprites/Sprites by Menu/Win-assets/Background Win.png
  artifactKey: Guid(42f68f38bdd27cf4182ebe0ea8a40500) Importer(815301076,1909f56bfc062723c751e8b465ee728b)
Start importing Assets/Game/Sprites/GUI Mobile Hyper-Casual (1)/GUI Mobile Hyper-Casual/Sprites/Sprites by Menu/Win-assets/Background Win.png using Guid(42f68f38bdd27cf4182ebe0ea8a40500) Importer(815301076,1909f56bfc062723c751e8b465ee728b)  -> (artifact id: '26114e86f01c718d92ab6a17a96e567e') in 0.025393 seconds 
========================================================================
Received Import Request.
  Time since last request: 0.000023 seconds.
  path: Assets/Game/Sprites/GUI Mobile Hyper-Casual (1)/GUI Mobile Hyper-Casual/Sprites/Sprites by Menu/Win-assets/Rewards icon.png
  artifactKey: Guid(b445eadd4bbe558478af346a8a4a8490) Importer(815301076,1909f56bfc062723c751e8b465ee728b)
Start importing Assets/Game/Sprites/GUI Mobile Hyper-Casual (1)/GUI Mobile Hyper-Casual/Sprites/Sprites by Menu/Win-assets/Rewards icon.png using Guid(b445eadd4bbe558478af346a8a4a8490) Importer(815301076,1909f56bfc062723c751e8b465ee728b)  -> (artifact id: '064c0ecdf3148fdab2aefca38b2d42a3') in 0.013778 seconds 
========================================================================
Received Import Request.
  Time since last request: 0.000025 seconds.
  path: Assets/Game/Sprites/GUI Mobile Hyper-Casual (1)/GUI Mobile Hyper-Casual/Sprites/Sprites by Menu/Win-assets/Radial Shine Win.png
  artifactKey: Guid(31417ab71f2eb5849b47de621f5f81fe) Importer(815301076,1909f56bfc062723c751e8b465ee728b)
Start importing Assets/Game/Sprites/GUI Mobile Hyper-Casual (1)/GUI Mobile Hyper-Casual/Sprites/Sprites by Menu/Win-assets/Radial Shine Win.png using Guid(31417ab71f2eb5849b47de621f5f81fe) Importer(815301076,1909f56bfc062723c751e8b465ee728b)  -> (artifact id: '4e5dbc3a90fd7ce4cfd9a8436bc61543') in 0.043976 seconds 
